<?xml version="1.0" encoding="UTF-8"?>
<coverage generated="1698300608495" clover="3.2.0">
  <project timestamp="1698300608496" name="All files">
    <metrics statements="30" coveredstatements="30" conditionals="28" coveredconditionals="28" methods="2" coveredmethods="2" elements="60" coveredelements="60" complexity="0" loc="30" ncloc="30" packages="1" files="2" classes="2"/>
    <file name="array.ts" path="/Users/qiushunmeng/Desktop/开发/GITEE_DEV/duyi-jest/src/array.ts">
      <metrics statements="13" coveredstatements="13" conditionals="20" coveredconditionals="20" methods="1" coveredmethods="1"/>
      <line num="1" count="10" type="cond" truecount="1" falsecount="0"/>
      <line num="2" count="10" type="cond" truecount="4" falsecount="0"/>
      <line num="3" count="10" type="cond" truecount="4" falsecount="0"/>
      <line num="4" count="10" type="cond" truecount="4" falsecount="0"/>
      <line num="5" count="10" type="cond" truecount="4" falsecount="0"/>
      <line num="6" count="4" type="stmt"/>
      <line num="7" count="4" type="stmt"/>
      <line num="8" count="10" type="stmt"/>
      <line num="9" count="10" type="cond" truecount="3" falsecount="0"/>
      <line num="10" count="26" type="stmt"/>
      <line num="11" count="26" type="stmt"/>
      <line num="12" count="10" type="stmt"/>
      <line num="13" count="10" type="stmt"/>
    </file>
    <file name="string.ts" path="/Users/qiushunmeng/Desktop/开发/GITEE_DEV/duyi-jest/src/string.ts">
      <metrics statements="17" coveredstatements="17" conditionals="8" coveredconditionals="8" methods="1" coveredmethods="1"/>
      <line num="1" count="16" type="cond" truecount="2" falsecount="0"/>
      <line num="2" count="16" type="stmt"/>
      <line num="3" count="16" type="stmt"/>
      <line num="4" count="16" type="stmt"/>
      <line num="5" count="16" type="cond" truecount="2" falsecount="0"/>
      <line num="6" count="16" type="stmt"/>
      <line num="7" count="16" type="cond" truecount="1" falsecount="0"/>
      <line num="8" count="3" type="stmt"/>
      <line num="9" count="3" type="stmt"/>
      <line num="10" count="13" type="cond" truecount="1" falsecount="0"/>
      <line num="11" count="16" type="cond" truecount="1" falsecount="0"/>
      <line num="12" count="9" type="stmt"/>
      <line num="13" count="9" type="stmt"/>
      <line num="14" count="9" type="stmt"/>
      <line num="15" count="13" type="cond" truecount="1" falsecount="0"/>
      <line num="16" count="13" type="stmt"/>
      <line num="17" count="13" type="stmt"/>
    </file>
  </project>
</coverage>
