{"/Users/qiushunmeng/Desktop/开发/GITEE_DEV/duyi-jest/src/array.ts": {"path":"/Users/qiushunmeng/Desktop/开发/GITEE_DEV/duyi-jest/src/array.ts","all":false,"statementMap":{"0":{"start":{"line":1,"column":0},"end":{"line":1,"column":60}},"1":{"start":{"line":2,"column":0},"end":{"line":2,"column":51}},"2":{"start":{"line":3,"column":0},"end":{"line":3,"column":47}},"3":{"start":{"line":4,"column":0},"end":{"line":4,"column":47}},"4":{"start":{"line":5,"column":0},"end":{"line":5,"column":65}},"5":{"start":{"line":6,"column":0},"end":{"line":6,"column":17}},"6":{"start":{"line":7,"column":0},"end":{"line":7,"column":3}},"7":{"start":{"line":8,"column":0},"end":{"line":8,"column":27}},"8":{"start":{"line":9,"column":0},"end":{"line":9,"column":70}},"9":{"start":{"line":10,"column":0},"end":{"line":10,"column":16}},"10":{"start":{"line":11,"column":0},"end":{"line":11,"column":3}},"11":{"start":{"line":12,"column":0},"end":{"line":12,"column":13}},"12":{"start":{"line":13,"column":0},"end":{"line":13,"column":1}}},"s":{"0":10,"1":10,"2":10,"3":10,"4":10,"5":4,"6":4,"7":10,"8":10,"9":26,"10":26,"11":10,"12":10},"branchMap":{"0":{"type":"branch","line":1,"loc":{"start":{"line":1,"column":0},"end":{"line":13,"column":1}},"locations":[{"start":{"line":1,"column":0},"end":{"line":13,"column":1}}]},"1":{"type":"branch","line":2,"loc":{"start":{"line":2,"column":16},"end":{"line":2,"column":46}},"locations":[{"start":{"line":2,"column":16},"end":{"line":2,"column":46}}]},"2":{"type":"branch","line":2,"loc":{"start":{"line":2,"column":33},"end":{"line":2,"column":36}},"locations":[{"start":{"line":2,"column":33},"end":{"line":2,"column":36}}]},"3":{"type":"branch","line":2,"loc":{"start":{"line":2,"column":37},"end":{"line":2,"column":45}},"locations":[{"start":{"line":2,"column":37},"end":{"line":2,"column":45}}]},"4":{"type":"branch","line":2,"loc":{"start":{"line":2,"column":47},"end":{"line":2,"column":50}},"locations":[{"start":{"line":2,"column":47},"end":{"line":2,"column":50}}]},"5":{"type":"branch","line":3,"loc":{"start":{"line":3,"column":14},"end":{"line":3,"column":42}},"locations":[{"start":{"line":3,"column":14},"end":{"line":3,"column":42}}]},"6":{"type":"branch","line":3,"loc":{"start":{"line":3,"column":30},"end":{"line":3,"column":33}},"locations":[{"start":{"line":3,"column":30},"end":{"line":3,"column":33}}]},"7":{"type":"branch","line":3,"loc":{"start":{"line":3,"column":34},"end":{"line":3,"column":41}},"locations":[{"start":{"line":3,"column":34},"end":{"line":3,"column":41}}]},"8":{"type":"branch","line":3,"loc":{"start":{"line":3,"column":43},"end":{"line":3,"column":46}},"locations":[{"start":{"line":3,"column":43},"end":{"line":3,"column":46}}]},"9":{"type":"branch","line":4,"loc":{"start":{"line":4,"column":14},"end":{"line":4,"column":42}},"locations":[{"start":{"line":4,"column":14},"end":{"line":4,"column":42}}]},"10":{"type":"branch","line":4,"loc":{"start":{"line":4,"column":30},"end":{"line":4,"column":33}},"locations":[{"start":{"line":4,"column":30},"end":{"line":4,"column":33}}]},"11":{"type":"branch","line":4,"loc":{"start":{"line":4,"column":34},"end":{"line":4,"column":41}},"locations":[{"start":{"line":4,"column":34},"end":{"line":4,"column":41}}]},"12":{"type":"branch","line":4,"loc":{"start":{"line":4,"column":43},"end":{"line":4,"column":46}},"locations":[{"start":{"line":4,"column":43},"end":{"line":4,"column":46}}]},"13":{"type":"branch","line":5,"loc":{"start":{"line":5,"column":19},"end":{"line":5,"column":31}},"locations":[{"start":{"line":5,"column":19},"end":{"line":5,"column":31}}]},"14":{"type":"branch","line":5,"loc":{"start":{"line":5,"column":32},"end":{"line":5,"column":62}},"locations":[{"start":{"line":5,"column":32},"end":{"line":5,"column":62}}]},"15":{"type":"branch","line":5,"loc":{"start":{"line":5,"column":49},"end":{"line":5,"column":61}},"locations":[{"start":{"line":5,"column":49},"end":{"line":5,"column":61}}]},"16":{"type":"branch","line":5,"loc":{"start":{"line":5,"column":64},"end":{"line":7,"column":3}},"locations":[{"start":{"line":5,"column":64},"end":{"line":7,"column":3}}]},"17":{"type":"branch","line":9,"loc":{"start":{"line":9,"column":35},"end":{"line":9,"column":45}},"locations":[{"start":{"line":9,"column":35},"end":{"line":9,"column":45}}]},"18":{"type":"branch","line":9,"loc":{"start":{"line":9,"column":46},"end":{"line":9,"column":56}},"locations":[{"start":{"line":9,"column":46},"end":{"line":9,"column":56}}]},"19":{"type":"branch","line":9,"loc":{"start":{"line":9,"column":69},"end":{"line":11,"column":3}},"locations":[{"start":{"line":9,"column":69},"end":{"line":11,"column":3}}]}},"b":{"0":[10],"1":[9],"2":[1],"3":[8],"4":[1],"5":[7],"6":[1],"7":[6],"8":[3],"9":[5],"10":[1],"11":[4],"12":[5],"13":[4],"14":[9],"15":[4],"16":[4],"17":[17],"18":[19],"19":[26]},"fnMap":{"0":{"name":"range","decl":{"start":{"line":1,"column":0},"end":{"line":13,"column":1}},"loc":{"start":{"line":1,"column":0},"end":{"line":13,"column":1}},"line":1}},"f":{"0":10}}
,"/Users/qiushunmeng/Desktop/开发/GITEE_DEV/duyi-jest/src/string.ts": {"path":"/Users/qiushunmeng/Desktop/开发/GITEE_DEV/duyi-jest/src/string.ts","all":false,"statementMap":{"0":{"start":{"line":1,"column":0},"end":{"line":1,"column":66}},"1":{"start":{"line":2,"column":0},"end":{"line":2,"column":13}},"2":{"start":{"line":3,"column":0},"end":{"line":3,"column":20}},"3":{"start":{"line":4,"column":0},"end":{"line":4,"column":30}},"4":{"start":{"line":5,"column":0},"end":{"line":5,"column":36}},"5":{"start":{"line":6,"column":0},"end":{"line":6,"column":0}},"6":{"start":{"line":7,"column":0},"end":{"line":7,"column":19}},"7":{"start":{"line":8,"column":0},"end":{"line":8,"column":14}},"8":{"start":{"line":9,"column":0},"end":{"line":9,"column":3}},"9":{"start":{"line":10,"column":0},"end":{"line":10,"column":0}},"10":{"start":{"line":11,"column":0},"end":{"line":11,"column":25}},"11":{"start":{"line":12,"column":0},"end":{"line":12,"column":14}},"12":{"start":{"line":13,"column":0},"end":{"line":13,"column":57}},"13":{"start":{"line":14,"column":0},"end":{"line":14,"column":3}},"14":{"start":{"line":15,"column":0},"end":{"line":15,"column":0}},"15":{"start":{"line":16,"column":0},"end":{"line":16,"column":13}},"16":{"start":{"line":17,"column":0},"end":{"line":17,"column":1}}},"s":{"0":16,"1":16,"2":16,"3":16,"4":16,"5":16,"6":16,"7":3,"8":3,"9":13,"10":16,"11":9,"12":9,"13":9,"14":13,"15":13,"16":13},"branchMap":{"0":{"type":"branch","line":1,"loc":{"start":{"line":1,"column":0},"end":{"line":17,"column":1}},"locations":[{"start":{"line":1,"column":0},"end":{"line":17,"column":1}}]},"1":{"type":"branch","line":1,"loc":{"start":{"line":1,"column":47},"end":{"line":1,"column":66}},"locations":[{"start":{"line":1,"column":47},"end":{"line":1,"column":66}}]},"2":{"type":"branch","line":5,"loc":{"start":{"line":5,"column":12},"end":{"line":5,"column":29}},"locations":[{"start":{"line":5,"column":12},"end":{"line":5,"column":29}}]},"3":{"type":"branch","line":5,"loc":{"start":{"line":5,"column":30},"end":{"line":5,"column":35}},"locations":[{"start":{"line":5,"column":30},"end":{"line":5,"column":35}}]},"4":{"type":"branch","line":7,"loc":{"start":{"line":7,"column":18},"end":{"line":9,"column":3}},"locations":[{"start":{"line":7,"column":18},"end":{"line":9,"column":3}}]},"5":{"type":"branch","line":10,"loc":{"start":{"line":10,"column":-1},"end":{"line":11,"column":24}},"locations":[{"start":{"line":10,"column":-1},"end":{"line":11,"column":24}}]},"6":{"type":"branch","line":11,"loc":{"start":{"line":11,"column":24},"end":{"line":14,"column":3}},"locations":[{"start":{"line":11,"column":24},"end":{"line":14,"column":3}}]},"7":{"type":"branch","line":15,"loc":{"start":{"line":15,"column":-1},"end":{"line":17,"column":1}},"locations":[{"start":{"line":15,"column":-1},"end":{"line":17,"column":1}}]}},"b":{"0":[16],"1":[13],"2":[14],"3":[2],"4":[3],"5":[13],"6":[9],"7":[13]},"fnMap":{"0":{"name":"truncate","decl":{"start":{"line":1,"column":0},"end":{"line":17,"column":1}},"loc":{"start":{"line":1,"column":0},"end":{"line":17,"column":1}},"line":1}},"f":{"0":16}}
}
