TN:
SF:tools.js
FN:5,Object.<anonymous>.exports.sum
FN:9,Object.<anonymous>.exports.sub
FN:13,Object.<anonymous>.exports.mul
FN:17,Object.<anonymous>.exports.div
FNF:4
FNH:0
FNDA:0,Object.<anonymous>.exports.sum
FNDA:0,Object.<anonymous>.exports.sub
FNDA:0,Object.<anonymous>.exports.mul
FNDA:0,Object.<anonymous>.exports.div
DA:1,1
DA:2,1
DA:3,1
DA:4,1
DA:5,1
DA:6,0
DA:7,0
DA:8,1
DA:9,1
DA:10,0
DA:11,0
DA:12,1
DA:13,1
DA:14,0
DA:15,0
DA:16,1
DA:17,1
DA:18,0
DA:19,0
LF:19
LH:11
BRF:0
BRH:0
end_of_record
