TN:
SF:tools.js
FN:5,Object.<anonymous>.exports.sum
FN:9,Object.<anonymous>.exports.sub
FN:13,Object.<anonymous>.exports.mul
FN:17,Object.<anonymous>.exports.div
FNF:4
FNH:4
FNDA:1,Object.<anonymous>.exports.sum
FNDA:1,Object.<anonymous>.exports.sub
FNDA:1,Object.<anonymous>.exports.mul
FNDA:1,Object.<anonymous>.exports.div
DA:1,1
DA:2,1
DA:3,1
DA:4,1
DA:5,1
DA:6,1
DA:7,1
DA:8,1
DA:9,1
DA:10,1
DA:11,1
DA:12,1
DA:13,1
DA:14,1
DA:15,1
DA:16,1
DA:17,1
DA:18,1
DA:19,1
LF:19
LH:19
BRDA:5,0,0,1
BRDA:9,1,0,1
BRDA:13,2,0,1
BRDA:17,3,0,1
BRF:4
BRH:4
end_of_record
